{"numFailedTestSuites":0,"numFailedTests":0,"numPassedTestSuites":1,"numPassedTests":3,"numPendingTestSuites":0,"numPendingTests":0,"numRuntimeErrorTestSuites":0,"numTodoTests":0,"numTotalTestSuites":1,"numTotalTests":3,"openHandles":[],"snapshot":{"added":0,"didUpdate":false,"failure":false,"filesAdded":0,"filesRemoved":0,"filesRemovedList":[],"filesUnmatched":0,"filesUpdated":0,"matched":0,"total":0,"unchecked":0,"uncheckedKeysByFile":[],"unmatched":0,"updated":0},"startTime":1588577350415,"success":true,"testResults":[{"assertionResults":[{"ancestorTitles":["Button Component"],"failureMessages":[],"fullName":"Button Component Contains classname","location":null,"status":"passed","title":"Contains classname"},{"ancestorTitles":["Button Component"],"failureMessages":[],"fullName":"Button Component Contains Button","location":null,"status":"passed","title":"Contains Button"},{"ancestorTitles":["Button Component"],"failureMessages":[],"fullName":"Button Component Simulate Mock Fn","location":null,"status":"passed","title":"Simulate Mock Fn"}],"endTime":1588577355166,"message":"","name":"C:\\Users\\User\\Documents\\Workspace\\testing-tsapp-master\\src\\components\\__tests__\\Button.spec.tsx","startTime":1588577352371,"status":"passed","summary":""}],"wasInterrupted":false,"coverageMap":{"C:\\Users\\User\\Documents\\Workspace\\testing-tsapp-master\\src\\components\\Button\\Button.tsx":{"path":"C:\\Users\\User\\Documents\\Workspace\\testing-tsapp-master\\src\\components\\Button\\Button.tsx","statementMap":{"0":{"start":{"line":2,"column":19},"end":{"line":8,"column":1}},"1":{"start":{"line":3,"column":4},"end":{"line":3,"column":42}},"2":{"start":{"line":3,"column":31},"end":{"line":3,"column":42}},"3":{"start":{"line":4,"column":17},"end":{"line":4,"column":19}},"4":{"start":{"line":5,"column":4},"end":{"line":5,"column":99}},"5":{"start":{"line":5,"column":21},"end":{"line":5,"column":99}},"6":{"start":{"line":5,"column":40},"end":{"line":5,"column":99}},"7":{"start":{"line":5,"column":80},"end":{"line":5,"column":99}},"8":{"start":{"line":6,"column":4},"end":{"line":6,"column":28}},"9":{"start":{"line":7,"column":4},"end":{"line":7,"column":18}},"10":{"start":{"line":9,"column":0},"end":{"line":9,"column":62}},"11":{"start":{"line":10,"column":12},"end":{"line":10,"column":42}},"12":{"start":{"line":11,"column":22},"end":{"line":11,"column":46}},"13":{"start":{"line":12,"column":22},"end":{"line":12,"column":46}},"14":{"start":{"line":13,"column":0},"end":{"line":40,"column":3}},"15":{"start":{"line":14,"column":15},"end":{"line":14,"column":25}},"16":{"start":{"line":14,"column":45},"end":{"line":14,"column":66}},"17":{"start":{"line":14,"column":78},"end":{"line":14,"column":91}},"18":{"start":{"line":14,"column":101},"end":{"line":14,"column":112}},"19":{"start":{"line":14,"column":125},"end":{"line":14,"column":139}},"20":{"start":{"line":15,"column":4},"end":{"line":39,"column":5}},"21":{"start":{"line":16,"column":8},"end":{"line":20,"column":34}},"22":{"start":{"line":22,"column":9},"end":{"line":39,"column":5}},"23":{"start":{"line":23,"column":8},"end":{"line":27,"column":34}},"24":{"start":{"line":29,"column":9},"end":{"line":39,"column":5}},"25":{"start":{"line":30,"column":8},"end":{"line":34,"column":34}},"26":{"start":{"line":37,"column":8},"end":{"line":38,"column":195}}},"fnMap":{"0":{"name":"(anonymous_0)","decl":{"start":{"line":2,"column":50},"end":{"line":2,"column":51}},"loc":{"start":{"line":2,"column":65},"end":{"line":8,"column":1}},"line":2},"1":{"name":"(anonymous_1)","decl":{"start":{"line":13,"column":19},"end":{"line":13,"column":20}},"loc":{"start":{"line":13,"column":36},"end":{"line":40,"column":1}},"line":13}},"branchMap":{"0":{"loc":{"start":{"line":2,"column":19},"end":{"line":8,"column":1}},"type":"binary-expr","locations":[{"start":{"line":2,"column":20},"end":{"line":2,"column":24}},{"start":{"line":2,"column":28},"end":{"line":2,"column":45}},{"start":{"line":2,"column":50},"end":{"line":8,"column":1}}],"line":2},"1":{"loc":{"start":{"line":3,"column":4},"end":{"line":3,"column":42}},"type":"if","locations":[{"start":{"line":3,"column":4},"end":{"line":3,"column":42}},{"start":{"line":3,"column":4},"end":{"line":3,"column":42}}],"line":3},"2":{"loc":{"start":{"line":3,"column":8},"end":{"line":3,"column":29}},"type":"binary-expr","locations":[{"start":{"line":3,"column":8},"end":{"line":3,"column":11}},{"start":{"line":3,"column":15},"end":{"line":3,"column":29}}],"line":3},"3":{"loc":{"start":{"line":5,"column":4},"end":{"line":5,"column":99}},"type":"if","locations":[{"start":{"line":5,"column":4},"end":{"line":5,"column":99}},{"start":{"line":5,"column":4},"end":{"line":5,"column":99}}],"line":5},"4":{"loc":{"start":{"line":5,"column":40},"end":{"line":5,"column":99}},"type":"if","locations":[{"start":{"line":5,"column":40},"end":{"line":5,"column":99}},{"start":{"line":5,"column":40},"end":{"line":5,"column":99}}],"line":5},"5":{"loc":{"start":{"line":15,"column":4},"end":{"line":39,"column":5}},"type":"if","locations":[{"start":{"line":15,"column":4},"end":{"line":39,"column":5}},{"start":{"line":15,"column":4},"end":{"line":39,"column":5}}],"line":15},"6":{"loc":{"start":{"line":22,"column":9},"end":{"line":39,"column":5}},"type":"if","locations":[{"start":{"line":22,"column":9},"end":{"line":39,"column":5}},{"start":{"line":22,"column":9},"end":{"line":39,"column":5}}],"line":22},"7":{"loc":{"start":{"line":29,"column":9},"end":{"line":39,"column":5}},"type":"if","locations":[{"start":{"line":29,"column":9},"end":{"line":39,"column":5}},{"start":{"line":29,"column":9},"end":{"line":39,"column":5}}],"line":29}},"s":{"0":1,"1":1,"2":0,"3":1,"4":1,"5":1,"6":28,"7":28,"8":1,"9":1,"10":1,"11":1,"12":1,"13":1,"14":1,"15":2,"16":2,"17":2,"18":2,"19":2,"20":2,"21":0,"22":2,"23":0,"24":2,"25":0,"26":2},"f":{"0":1,"1":2},"b":{"0":[1,1,1],"1":[0,1],"2":[1,1],"3":[1,0],"4":[28,0],"5":[0,2],"6":[0,2],"7":[0,2]},"inputSourceMap":null,"_coverageSchema":"1a1c01bbd47fc00a2c39e90264f33305004495a9","hash":"3a1e3341ca67684aceed84e70654c2b913f393f0"}}}